<?xml version="1.0" encoding="UTF-8"?>
<testng-results ignored="0" total="1" passed="1" failed="0" skipped="0">
  <reporter-output>
  </reporter-output>
  <suite started-at="2022-01-25T12:21:09 IST" name="Default suite" finished-at="2022-01-25T12:21:40 IST" duration-ms="31230">
    <groups>
    </groups>
    <test started-at="2022-01-25T12:21:09 IST" name="Default test" finished-at="2022-01-25T12:21:40 IST" duration-ms="31230">
      <class name="ktctc.ecommerce1.ViewBasketPageTest">
        <test-method is-config="true" signature="loadConfig()[pri:0, instance:ktctc.ecommerce1.ViewBasketPageTest@e1de817]" started-at="2022-01-25T12:21:09 IST" name="loadConfig" finished-at="2022-01-25T12:21:09 IST" duration-ms="21" status="PASS">
          <reporter-output>
          </reporter-output>
        </test-method> <!-- loadConfig -->
        <test-method is-config="true" signature="setup()[pri:0, instance:ktctc.ecommerce1.ViewBasketPageTest@e1de817]" started-at="2022-01-25T12:21:09 IST" name="setup" finished-at="2022-01-25T12:21:19 IST" duration-ms="10720" status="PASS">
          <reporter-output>
          </reporter-output>
        </test-method> <!-- setup -->
        <test-method signature="validatePlaceOrderTest()[pri:0, instance:ktctc.ecommerce1.ViewBasketPageTest@e1de817]" started-at="2022-01-25T12:21:19 IST" name="validatePlaceOrderTest" finished-at="2022-01-25T12:21:39 IST" duration-ms="19972" status="PASS">
          <reporter-output>
          </reporter-output>
        </test-method> <!-- validatePlaceOrderTest -->
        <test-method is-config="true" signature="tearDown()[pri:0, instance:ktctc.ecommerce1.ViewBasketPageTest@e1de817]" started-at="2022-01-25T12:21:39 IST" name="tearDown" finished-at="2022-01-25T12:21:40 IST" duration-ms="441" status="PASS">
          <reporter-output>
          </reporter-output>
        </test-method> <!-- tearDown -->
      </class> <!-- ktctc.ecommerce1.ViewBasketPageTest -->
    </test> <!-- Default test -->
  </suite> <!-- Default suite -->
</testng-results>
